[01m[K/home/anton/explore_ws/src/explore/src/meexplore.cpp:[m[K In function â€˜[01m[Kint main(int, char**)[m[Kâ€™:
[01m[K/home/anton/explore_ws/src/explore/src/meexplore.cpp:23:3:[m[K [01;31m[Kerror: [m[Kâ€˜[01m[KNode[m[Kâ€™ is not a member of â€˜[01m[Kros[m[Kâ€™
   ros::Node
[01;32m[K   ^[m[K
[01m[K/home/anton/explore_ws/src/explore/src/meexplore.cpp:25:3:[m[K [01;31m[Kerror: [m[Kâ€˜[01m[Ke[m[Kâ€™ was not declared in this scope
   e.start();
[01;32m[K   ^[m[K
make[2]: *** [CMakeFiles/explore.dir/src/meexplore.cpp.o] Error 1
make[1]: *** [CMakeFiles/explore.dir/all] Error 2
make: *** [all] Error 2
