[01m[K/home/anton/explore_ws/src/explore/src/meexplore.cpp:[m[K In function â€˜[01m[Kint main(int, char**)[m[Kâ€™:
[01m[K/home/anton/explore_ws/src/explore/src/meexplore.cpp:9:3:[m[K [01;31m[Kerror: [m[Kexpected â€˜[01m[K;[m[Kâ€™ before â€˜[01m[Kros[m[Kâ€™
   ros::init(argc, argv, "meexplore");
[01;32m[K   ^[m[K
make[2]: *** [CMakeFiles/explore.dir/src/meexplore.cpp.o] Error 1
make[1]: *** [CMakeFiles/explore.dir/all] Error 2
make: *** [all] Error 2
