[01m[K/home/anton/explore_ws/src/explore/src/meexplore.cpp:4:39:[m[K [01;31m[Kerror: [m[Kcannot declare â€˜[01m[K::main[m[Kâ€™ to be static
 static int main(int argc, char* argv[])
[01;32m[K                                       ^[m[K
make[2]: *** [CMakeFiles/explore.dir/src/meexplore.cpp.o] Error 1
make[2]: *** Waiting for unfinished jobs....
make[1]: *** [CMakeFiles/explore.dir/all] Error 2
make: *** [all] Error 2
